<?xml version="1.0" encoding="UTF-8"?>
<!-- Generated by org.testng.reporters.JUnitReportReporter -->
<testsuite hostname="pranjal" failures="0" tests="1" name="com.atdochub.api.login.TC_01_login" time="4.048" errors="0" timestamp="2022-11-24T10:27:03 IST" skipped="0">
  <testcase classname="com.atdochub.api.login.TC_01_login" name="test_1" time="4.048"/>
  <system-out/>
</testsuite> <!-- com.atdochub.api.login.TC_01_login -->
