<?xml version="1.0" encoding="UTF-8"?>
<!-- Generated by org.testng.reporters.JUnitReportReporter -->
<testsuite hostname="pranjal" failures="0" tests="1" name="com.atdochub.api.appointment.TC_10_Appointment_field_blank" time="1.259" errors="0" timestamp="2022-11-19T15:16:40 IST" skipped="0">
  <testcase classname="com.atdochub.api.appointment.TC_10_Appointment_field_blank" name="Blank_Appointment_field" time="1.259"/>
  <system-out/>
</testsuite> <!-- com.atdochub.api.appointment.TC_10_Appointment_field_blank -->
