<?xml version="1.0" encoding="UTF-8"?>
<!-- Generated by org.testng.reporters.JUnitReportReporter -->
<testsuite hostname="pranjal" failures="0" tests="1" name="com.atdochub.api.activity.TC_03_activity_register" time="1.828" errors="0" timestamp="2022-11-24T10:30:46 IST" skipped="0">
  <testcase classname="com.atdochub.api.activity.TC_03_activity_register" name="Register_activity" time="1.828"/>
  <system-out/>
</testsuite> <!-- com.atdochub.api.activity.TC_03_activity_register -->
