<?xml version="1.0" encoding="UTF-8"?>
<!-- Generated by org.testng.reporters.JUnitReportReporter -->
<testsuite hostname="pranjal" failures="0" tests="1" name="com.atdochub.api.document.TC_16_document_Title_no_content" time="1.431" errors="0" timestamp="2022-11-19T15:41:23 IST" skipped="0">
  <testcase classname="com.atdochub.api.document.TC_16_document_Title_no_content" name="Find_by_document_title" time="1.431"/>
  <system-out/>
</testsuite> <!-- com.atdochub.api.document.TC_16_document_Title_no_content -->
