<?xml version="1.0" encoding="UTF-8"?>
<!-- Generated by org.testng.reporters.JUnitReportReporter -->
<testsuite hostname="pranjal" failures="0" tests="1" name="com.atdochub.api.document.TC_09_document_find_by_end_date" time="1.417" errors="0" timestamp="2022-11-19T15:43:43 IST" skipped="0">
  <testcase classname="com.atdochub.api.document.TC_09_document_find_by_end_date" name="test_1" time="1.417"/>
  <system-out/>
</testsuite> <!-- com.atdochub.api.document.TC_09_document_find_by_end_date -->
