<?xml version="1.0" encoding="UTF-8"?>
<!-- Generated by org.testng.reporters.JUnitReportReporter -->
<testsuite hostname="pranjal" failures="0" tests="1" name="com.atdochub.api.appointment.TC_02_appointment_update_by_id" time="2.427" errors="0" timestamp="2022-11-19T15:09:54 IST" skipped="0">
  <testcase classname="com.atdochub.api.appointment.TC_02_appointment_update_by_id" name="Appointment_update_by_id" time="2.427"/>
  <system-out/>
</testsuite> <!-- com.atdochub.api.appointment.TC_02_appointment_update_by_id -->
