<?xml version="1.0" encoding="UTF-8"?>
<!-- Generated by org.testng.reporters.JUnitReportReporter -->
<testsuite hostname="pranjal" failures="0" tests="1" name="com.atdochub.api.document.TC_02_document_find_by_start_date" time="1.331" errors="0" timestamp="2022-11-19T15:35:07 IST" skipped="0">
  <testcase classname="com.atdochub.api.document.TC_02_document_find_by_start_date" name="Find_document_by_start_date" time="1.331"/>
  <system-out/>
</testsuite> <!-- com.atdochub.api.document.TC_02_document_find_by_start_date -->
