<?xml version="1.0" encoding="UTF-8"?>
<!-- Generated by org.testng.reporters.JUnitReportReporter -->
<testsuite hostname="pranjal" failures="0" tests="1" name="com.atdochub.api.login.TC_02_Send_otp_to_email" time="7.025" errors="0" timestamp="2022-11-19T16:41:59 IST" skipped="0">
  <testcase classname="com.atdochub.api.login.TC_02_Send_otp_to_email" name="Send_otp_to_email" time="7.025"/>
  <system-out/>
</testsuite> <!-- com.atdochub.api.login.TC_02_Send_otp_to_email -->
