<?xml version="1.0" encoding="UTF-8"?>
<!-- Generated by org.testng.reporters.JUnitReportReporter -->
<testsuite hostname="pranjal" failures="0" tests="1" name="com.atdochub.api.appointment.TC_04_appointment_register" time="1.519" errors="0" timestamp="2022-11-19T16:40:40 IST" skipped="0">
  <testcase classname="com.atdochub.api.appointment.TC_04_appointment_register" name="Appointment_register" time="1.519"/>
  <system-out/>
</testsuite> <!-- com.atdochub.api.appointment.TC_04_appointment_register -->
