<?xml version="1.0" encoding="UTF-8"?>
<!-- Generated by org.testng.reporters.JUnitReportReporter -->
<testsuite hostname="pranjal" failures="0" tests="1" name="com.atdochub.api.document.TC_05_document_all" time="1.615" errors="0" timestamp="2022-11-19T15:46:12 IST" skipped="0">
  <testcase classname="com.atdochub.api.document.TC_05_document_all" name="All_document" time="1.615"/>
  <system-out/>
</testsuite> <!-- com.atdochub.api.document.TC_05_document_all -->
