<?xml version="1.0" encoding="UTF-8"?>
<!-- Generated by org.testng.reporters.JUnitReportReporter -->
<testsuite hostname="pranjal" failures="0" tests="1" name="com.atdochub.api.activity.TC_01_activity_all" time="0.092" errors="0" timestamp="2022-11-19T14:20:20 IST" skipped="0">
  <testcase classname="com.atdochub.api.activity.TC_01_activity_all" name="Get_all_activity" time="0.092"/>
  <system-out/>
</testsuite> <!-- com.atdochub.api.activity.TC_01_activity_all -->
