<?xml version="1.0" encoding="UTF-8"?>
<!-- Generated by org.testng.reporters.JUnitReportReporter -->
<testsuite hostname="pranjal" failures="0" tests="1" name="com.atdochub.api.login.TC_04_wrong_password" time="1.502" errors="0" timestamp="2022-11-24T10:30:06 IST" skipped="0">
  <testcase classname="com.atdochub.api.login.TC_04_wrong_password" name="test_1" time="1.502"/>
  <system-out/>
</testsuite> <!-- com.atdochub.api.login.TC_04_wrong_password -->
