<?xml version="1.0" encoding="UTF-8"?>
<!-- Generated by org.testng.reporters.JUnitReportReporter -->
<testsuite hostname="pranjal" failures="0" tests="2" name="com.atdochub.api.document.TC_04_document_find_by_doc_id" time="1.359" errors="0" timestamp="2022-11-19T15:46:38 IST" skipped="0">
  <testcase classname="com.atdochub.api.document.TC_04_document_find_by_doc_id" name="test_2" time="0.052"/>
  <system-out/>
  <testcase classname="com.atdochub.api.document.TC_04_document_find_by_doc_id" name="Find_document_by_id" time="1.307"/>
  <system-out/>
</testsuite> <!-- com.atdochub.api.document.TC_04_document_find_by_doc_id -->
