<?xml version="1.0" encoding="UTF-8"?>
<!-- Generated by org.testng.reporters.JUnitReportReporter -->
<testsuite hostname="pranjal" failures="0" tests="1" name="com.atdochub.api.document.TC_17_document_no_doc_id" time="1.275" errors="0" timestamp="2022-11-19T15:49:28 IST" skipped="0">
  <testcase classname="com.atdochub.api.document.TC_17_document_no_doc_id" name="Find_document_by_no_id_exist" time="1.275"/>
  <system-out/>
</testsuite> <!-- com.atdochub.api.document.TC_17_document_no_doc_id -->
