<?xml version="1.0" encoding="UTF-8"?>
<!-- Generated by org.testng.reporters.JUnitReportReporter -->
<testsuite hostname="pranjal" failures="0" tests="1" name="com.atdochub.api.activity.TC_02_activity_update" time="1.231" errors="0" timestamp="2022-11-19T14:24:13 IST" skipped="0">
  <testcase classname="com.atdochub.api.activity.TC_02_activity_update" name="Update_activity" time="1.231"/>
  <system-out/>
</testsuite> <!-- com.atdochub.api.activity.TC_02_activity_update -->
