<?xml version="1.0" encoding="UTF-8"?>
<!-- Generated by org.testng.reporters.JUnitReportReporter -->
<testsuite hostname="pranjal" failures="0" tests="1" name="com.atdochub.api.appointment.TC_10_Appointment_all_field_blank" time="3.899" errors="0" timestamp="2022-11-18T13:44:18 IST" skipped="0">
  <testcase classname="com.atdochub.api.appointment.TC_10_Appointment_all_field_blank" name="Appointment_register" time="3.899"/>
  <system-out/>
</testsuite> <!-- com.atdochub.api.appointment.TC_10_Appointment_all_field_blank -->
