<?xml version="1.0" encoding="UTF-8"?>
<!-- Generated by org.testng.reporters.JUnitReportReporter -->
<testsuite hostname="pranjal" failures="0" tests="1" name="com.atdochub.api.appointment.TC_03_appointment_find_by_id" time="1.387" errors="0" timestamp="2022-11-19T15:10:34 IST" skipped="0">
  <testcase classname="com.atdochub.api.appointment.TC_03_appointment_find_by_id" name="Appointment_find_by_id" time="1.387"/>
  <system-out/>
</testsuite> <!-- com.atdochub.api.appointment.TC_03_appointment_find_by_id -->
