<?xml version="1.0" encoding="UTF-8"?>
<!-- Generated by org.testng.reporters.JUnitReportReporter -->
<testsuite hostname="pranjal" failures="0" tests="1" name="com.atdochub.api.appointment.TC_09_appointment_search_by_date" time="1.246" errors="0" timestamp="2022-11-19T15:11:56 IST" skipped="0">
  <testcase classname="com.atdochub.api.appointment.TC_09_appointment_search_by_date" name="Search_appointment_by_date" time="1.246"/>
  <system-out/>
</testsuite> <!-- com.atdochub.api.appointment.TC_09_appointment_search_by_date -->
