<?xml version="1.0" encoding="UTF-8"?>
<!-- Generated by org.testng.reporters.JUnitReportReporter -->
<testsuite hostname="pranjal" failures="0" tests="1" name="com.atdochub.api.document.TC_01_document_registers" time="1.577" errors="0" timestamp="2022-11-19T16:39:05 IST" skipped="0">
  <testcase classname="com.atdochub.api.document.TC_01_document_registers" name="Document_registers" time="1.577"/>
  <system-out/>
</testsuite> <!-- com.atdochub.api.document.TC_01_document_registers -->
