<?xml version="1.0" encoding="UTF-8"?>
<!-- Generated by org.testng.reporters.JUnitReportReporter -->
<testsuite hostname="pranjal" failures="0" tests="1" name="com.atdochub.api.document.TC_03_document_update" time="1.262" errors="0" timestamp="2022-11-19T15:50:35 IST" skipped="0">
  <testcase classname="com.atdochub.api.document.TC_03_document_update" name="Update_document" time="1.262"/>
  <system-out/>
</testsuite> <!-- com.atdochub.api.document.TC_03_document_update -->
