<?xml version="1.0" encoding="UTF-8"?>
<!-- Generated by org.testng.reporters.JUnitReportReporter -->
<testsuite hostname="pranjal" failures="0" tests="1" name="com.atdochub.api.document.TC_06_document_title" time="1.592" errors="0" timestamp="2022-11-19T15:46:01 IST" skipped="0">
  <testcase classname="com.atdochub.api.document.TC_06_document_title" name="Find_by_document_title" time="1.592"/>
  <system-out/>
</testsuite> <!-- com.atdochub.api.document.TC_06_document_title -->
