<?xml version="1.0" encoding="UTF-8"?>
<!-- Generated by org.testng.reporters.JUnitReportReporter -->
<testsuite hostname="pranjal" failures="0" tests="1" name="com.atdochub.api.appointment.TC_12_Appointment_Find_by_id_no_id" time="1.288" errors="0" timestamp="2022-11-19T15:25:30 IST" skipped="0">
  <testcase classname="com.atdochub.api.appointment.TC_12_Appointment_Find_by_id_no_id" name="Appointment_find_by_id" time="1.288"/>
  <system-out/>
</testsuite> <!-- com.atdochub.api.appointment.TC_12_Appointment_Find_by_id_no_id -->
