<?xml version="1.0" encoding="UTF-8"?>
<!-- Generated by org.testng.reporters.JUnitReportReporter -->
<testsuite hostname="pranjal" failures="0" tests="1" name="com.atdochub.api.activity.TC_05_activity_find_by_id_no_id" time="0.055" errors="0" timestamp="2022-11-19T14:20:20 IST" skipped="0">
  <testcase classname="com.atdochub.api.activity.TC_05_activity_find_by_id_no_id" name="Find_activity_by_id_no_id" time="0.055"/>
  <system-out/>
</testsuite> <!-- com.atdochub.api.activity.TC_05_activity_find_by_id_no_id -->
