<?xml version="1.0" encoding="UTF-8"?>
<!-- Generated by org.testng.reporters.JUnitReportReporter -->
<testsuite hostname="pranjal" failures="0" tests="1" name="com.atdochub.api.login.TC_03_wrong_email" time="1.391" errors="0" timestamp="2022-11-24T10:28:48 IST" skipped="0">
  <testcase classname="com.atdochub.api.login.TC_03_wrong_email" name="test_1" time="1.391"/>
  <system-out/>
</testsuite> <!-- com.atdochub.api.login.TC_03_wrong_email -->
