<?xml version="1.0" encoding="UTF-8"?>
<!-- Generated by org.testng.reporters.JUnitReportReporter -->
<testsuite hostname="pranjal" failures="0" tests="1" name="com.atdochub.api.appointment.TC_01_appointment_all" time="1.314" errors="0" timestamp="2022-11-19T15:10:10 IST" skipped="0">
  <testcase classname="com.atdochub.api.appointment.TC_01_appointment_all" name="All_appointments" time="1.314"/>
  <system-out/>
</testsuite> <!-- com.atdochub.api.appointment.TC_01_appointment_all -->
