<?xml version="1.0" encoding="UTF-8"?>
<!-- Generated by org.testng.reporters.JUnitReportReporter -->
<testsuite hostname="pranjal" failures="0" tests="1" name="com.atdochub.api.document.TC_12_document_closed" time="1.320" errors="0" timestamp="2022-11-19T15:42:29 IST" skipped="0">
  <testcase classname="com.atdochub.api.document.TC_12_document_closed" name="test_1" time="1.320"/>
  <system-out/>
</testsuite> <!-- com.atdochub.api.document.TC_12_document_closed -->
