<?xml version="1.0" encoding="UTF-8"?>
<!-- Generated by org.testng.reporters.JUnitReportReporter -->
<testsuite hostname="pranjal" failures="0" tests="1" name="com.atdochub.api.appointment.TC_08_appointment_tommorrows" time="1.172" errors="0" timestamp="2022-11-19T15:11:47 IST" skipped="0">
  <testcase classname="com.atdochub.api.appointment.TC_08_appointment_tommorrows" name="Tommorrows_appointments" time="1.172"/>
  <system-out/>
</testsuite> <!-- com.atdochub.api.appointment.TC_08_appointment_tommorrows -->
